#-----------------------------------------------------------
# Vivado v2018.3 (64-bit)
# SW Build 2405991 on Thu Dec  6 23:38:27 MST 2018
# IP Build 2404404 on Fri Dec  7 01:43:56 MST 2018
# Start of session at: Fri Jul 23 12:29:31 2021
# Process ID: 16872
# Current directory: C:/Users/dell/Desktop/training_proj/zynq_trial
# Command line: vivado.exe -gui_launcher_event rodinguilauncherevent15840 C:\Users\dell\Desktop\training_proj\zynq_trial\zynq_trial.xpr
# Log file: C:/Users/dell/Desktop/training_proj/zynq_trial/vivado.log
# Journal file: C:/Users/dell/Desktop/training_proj/zynq_trial\vivado.jou
#-----------------------------------------------------------
start_gui
open_project C:/Users/dell/Desktop/training_proj/zynq_trial/zynq_trial.xpr
Scanning sources...
Finished scanning sources
INFO: [IP_Flow 19-234] Refreshing IP repositories
INFO: [IP_Flow 19-1704] No user IP repositories specified
INFO: [IP_Flow 19-2313] Loaded Vivado IP repository 'C:/Xilinx/Vivado/2018.3/data/ip'.
open_project: Time (s): cpu = 00:00:18 ; elapsed = 00:00:13 . Memory (MB): peak = 866.102 ; gain = 201.074
update_compile_order -fileset sources_1
INFO: [Vivado 12-4158] Exported Hardware file is out of date. Exported hardware information may be inconsistent with respect to the current state of the design. It is recommended that you re-export the design and launch SDK otherwise SDK is launched with out of date hardware system file.
set_property needs_refresh false [get_runs synth_1]
set_property needs_refresh false [get_runs impl_1]
set_property needs_refresh false [get_runs design_1_rst_ps7_0_100M_0_synth_1]
set_property needs_refresh false [get_runs design_1_axi_gpio_0_0_synth_1]
set_property needs_refresh false [get_runs design_1_auto_pc_0_synth_1]
set_property needs_refresh false [get_runs design_1_processing_system7_0_0_synth_1]
launch_sdk -workspace C:/Users/dell/Desktop/training_proj/zynq_trial/zynq_trial.sdk -hwspec C:/Users/dell/Desktop/training_proj/zynq_trial/zynq_trial.sdk/design_1_wrapper.hdf
INFO: [Vivado 12-393] Launching SDK...
INFO: [Vivado 12-417] Running xsdk -workspace C:/Users/dell/Desktop/training_proj/zynq_trial/zynq_trial.sdk -hwspec C:/Users/dell/Desktop/training_proj/zynq_trial/zynq_trial.sdk/design_1_wrapper.hdf
INFO: [Vivado 12-3157] SDK launch initiated. Please check console for any further messages.
exit
INFO: [Common 17-206] Exiting Vivado at Fri Jul 23 16:41:58 2021...
