#-----------------------------------------------------------
# Vivado v2021.1 (64-bit)
# SW Build 3247384 on Thu Jun 10 19:36:33 MDT 2021
# IP Build 3246043 on Fri Jun 11 00:30:35 MDT 2021
# Start of session at: Fri Aug  6 16:03:47 2021
# Process ID: 14508
# Current directory: H:/train/zynq_trial
# Command line: vivado.exe -gui_launcher_event rodinguilauncherevent5940 H:\train\zynq_trial\zynq_trial.xpr
# Log file: H:/train/zynq_trial/vivado.log
# Journal file: H:/train/zynq_trial\vivado.jou
#-----------------------------------------------------------
start_gui
open_project -read_only H:/train/zynq_trial/zynq_trial.xpr
INFO: [Project 1-313] Project file moved from 'C:/Users/dell/Desktop/training_proj/zynq_trial' since last save.
Scanning sources...
Finished scanning sources
CRITICAL WARNING: [Board 49-67] The board_part definition was not found for em.avnet.com:zed:part0:1.4. This can happen sometimes when you use custom board part. You can resolve this issue by setting 'board.repoPaths' parameter, pointing to the location of custom board files. Valid board_part values can be retrieved with the 'get_board_parts' Tcl command.
INFO: [IP_Flow 19-234] Refreshing IP repositories
INFO: [IP_Flow 19-1704] No user IP repositories specified
INFO: [IP_Flow 19-2313] Loaded Vivado IP repository 'D:/Xillinx/Vivado/2021.1/data/ip'.
WARNING: [BD 41-1663] The design 'design_1.bd' cannot be modified due to following reason(s):
* Project is read-only. Please run 'save_project_as' before making any change to the bd-design. 

WARNING: [BD 41-1661] One or more IPs have been locked in the design 'design_1.bd'. Please run report_ip_status for more details and recommendations on how to fix this issue.
List of locked IPs:
design_1_auto_pc_0
design_1_axi_gpio_0_0
design_1_processing_system7_0_0
design_1_ps7_0_axi_periph_0
design_1_rst_ps7_0_100M_0

WARNING: [Project 1-229] Project 'zynq_trial.xpr' is read-only and therefore could not be upgraded for this version of Vivado.  Use 'File | Save Project As...' if you wish to save an upgraded copy.
open_project: Time (s): cpu = 00:00:56 ; elapsed = 00:00:58 . Memory (MB): peak = 1104.086 ; gain = 0.000
update_compile_order -fileset sources_1
exit
INFO: [Common 17-206] Exiting Vivado at Fri Aug  6 17:14:41 2021...
